# JRE version: Java(TM) SE Runtime Environment (8.0_144-b01) (build 1.8.0_144-b01)
# Java VM: Java HotSpot(TM) 64-Bit Server VM (25.144-b01 mixed mode linux-amd64 compressed oops)
Heap:
 garbage-first heap   total 262144K, used 186720K [0x00000000c0000000, 0x00000000c0100800, 0x0000000100000000)
  region size 1024K, 66 young (67584K), 2 survivors (2048K)
 Metaspace       used 158171K, capacity 172280K, committed 172336K, reserved 1200128K
  class space    used 18536K, capacity 22558K, committed 22576K, reserved 1048576K
GC Heap History (10 events):
Event: 4405.140 GC heap before
{Heap before GC invocations=114 (full 0):
 garbage-first heap   total 262144K, used 228486K [0x00000000c0000000, 0x00000000c0100800, 0x0000000100000000)
  region size 1024K, 104 young (106496K), 2 survivors (2048K)
 Metaspace       used 157245K, capacity 171570K, committed 171824K, reserved 1198080K
  class space    used 18423K, capacity 22475K, committed 22576K, reserved 1048576K
Event: 4405.156 GC heap after
Heap after GC invocations=115 (full 0):
 garbage-first heap   total 262144K, used 123944K [0x00000000c0000000, 0x00000000c0100800, 0x0000000100000000)
  region size 1024K, 2 young (2048K), 2 survivors (2048K)
 Metaspace       used 157245K, capacity 171570K, committed 171824K, reserved 1198080K
  class space    used 18423K, capacity 22475K, committed 22576K, reserved 1048576K
}
Event: 4600.388 GC heap before
{Heap before GC invocations=116 (full 0):
 garbage-first heap   total 262144K, used 229416K [0x00000000c0000000, 0x00000000c0100800, 0x0000000100000000)
  region size 1024K, 105 young (107520K), 2 survivors (2048K)
 Metaspace       used 157257K, capacity 171564K, committed 171824K, reserved 1198080K
  class space    used 18422K, capacity 22474K, committed 22576K, reserved 1048576K
Event: 4600.401 GC heap after
Heap after GC invocations=117 (full 0):
 garbage-first heap   total 262144K, used 125193K [0x00000000c0000000, 0x00000000c0100800, 0x0000000100000000)
  region size 1024K, 3 young (3072K), 3 survivors (3072K)
 Metaspace       used 157257K, capacity 171564K, committed 171824K, reserved 1198080K
  class space    used 18422K, capacity 22474K, committed 22576K, reserved 1048576K
}
Event: 4620.211 GC heap before
{Heap before GC invocations=117 (full 0):
 garbage-first heap   total 262144K, used 134409K [0x00000000c0000000, 0x00000000c0100800, 0x0000000100000000)
  region size 1024K, 12 young (12288K), 3 survivors (3072K)
 Metaspace       used 157257K, capacity 171564K, committed 171824K, reserved 1198080K
  class space    used 18422K, capacity 22474K, committed 22576K, reserved 1048576K
Event: 4620.240 GC heap after
Heap after GC invocations=118 (full 0):
 garbage-first heap   total 262144K, used 122667K [0x00000000c0000000, 0x00000000c0100800, 0x0000000100000000)
  region size 1024K, 2 young (2048K), 2 survivors (2048K)
 Metaspace       used 157257K, capacity 171564K, committed 171824K, reserved 1198080K
  class space    used 18422K, capacity 22474K, committed 22576K, reserved 1048576K
}
Event: 4839.508 GC heap before
{Heap before GC invocations=118 (full 0):
 garbage-first heap   total 262144K, used 231211K [0x00000000c0000000, 0x00000000c0100800, 0x0000000100000000)
  region size 1024K, 108 young (110592K), 2 survivors (2048K)
 Metaspace       used 157290K, capacity 171576K, committed 171824K, reserved 1198080K
  class space    used 18424K, capacity 22476K, committed 22576K, reserved 1048576K
Event: 4839.538 GC heap after
Heap after GC invocations=119 (full 0):
 garbage-first heap   total 262144K, used 121601K [0x00000000c0000000, 0x00000000c0100800, 0x0000000100000000)
  region size 1024K, 1 young (1024K), 1 survivors (1024K)
 Metaspace       used 157290K, capacity 171576K, committed 171824K, reserved 1198080K
  class space    used 18424K, capacity 22476K, committed 22576K, reserved 1048576K
}
Event: 4941.626 GC heap before
{Heap before GC invocations=119 (full 0):
 garbage-first heap   total 262144K, used 231169K [0x00000000c0000000, 0x00000000c0100800, 0x0000000100000000)
  region size 1024K, 108 young (110592K), 1 survivors (1024K)
 Metaspace       used 157406K, capacity 171602K, committed 171824K, reserved 1198080K
  class space    used 18436K, capacity 22481K, committed 22576K, reserved 1048576K
Event: 4941.640 GC heap after
Heap after GC invocations=120 (full 0):
 garbage-first heap   total 262144K, used 122208K [0x00000000c0000000, 0x00000000c0100800, 0x0000000100000000)
  region size 1024K, 2 young (2048K), 2 survivors (2048K)
 Metaspace       used 157406K, capacity 171602K, committed 171824K, reserved 1198080K
  class space    used 18436K, capacity 22481K, committed 22576K, reserved 1048576K
}

